0 info it worked if it ends with ok
1 verbose cli [ '/usr/local/bin/node', '/usr/local/bin/npm', 'install' ]
2 info using npm@2.14.20
3 info using node@v4.4.0
4 verbose readDependencies loading dependencies from /Users/Jazmine/Desktop/jekyll-gulp-sass-browser-sync-master/package.json
5 verbose install where, deps [ '/Users/Jazmine/Desktop/jekyll-gulp-sass-browser-sync-master',
5 verbose install   [ 'browser-sync',
5 verbose install     'gulp',
5 verbose install     'gulp-autoprefixer',
5 verbose install     'gulp-jade',
5 verbose install     'gulp-sass' ] ]
6 verbose install where, peers [ '/Users/Jazmine/Desktop/jekyll-gulp-sass-browser-sync-master',
6 verbose install   [] ]
7 verbose installManyTop reading for lifecycle /Users/Jazmine/Desktop/jekyll-gulp-sass-browser-sync-master/package.json
8 info preinstall browser-sync-jekyll@0.0.0
9 verbose installManyTop reading scoped package data from /Users/Jazmine/Desktop/jekyll-gulp-sass-browser-sync-master/node_modules/browser-sync/package.json
10 verbose installManyTop reading scoped package data from /Users/Jazmine/Desktop/jekyll-gulp-sass-browser-sync-master/node_modules/gulp/package.json
11 verbose installManyTop reading scoped package data from /Users/Jazmine/Desktop/jekyll-gulp-sass-browser-sync-master/node_modules/gulp-autoprefixer/package.json
12 verbose installManyTop reading scoped package data from /Users/Jazmine/Desktop/jekyll-gulp-sass-browser-sync-master/node_modules/gulp-jade/package.json
13 verbose installManyTop reading scoped package data from /Users/Jazmine/Desktop/jekyll-gulp-sass-browser-sync-master/node_modules/gulp-sass/package.json
14 info package.json browser-sync@1.9.2 No license field.
15 verbose readDependencies loading dependencies from /Users/Jazmine/Desktop/jekyll-gulp-sass-browser-sync-master/package.json
16 verbose targetResolver reading package data from /Users/Jazmine/Desktop/jekyll-gulp-sass-browser-sync-master/node_modules/browser-sync/package.json
17 verbose targetResolver reading package data from /Users/Jazmine/Desktop/jekyll-gulp-sass-browser-sync-master/node_modules/gulp/package.json
18 verbose targetResolver reading package data from /Users/Jazmine/Desktop/jekyll-gulp-sass-browser-sync-master/node_modules/gulp-autoprefixer/package.json
19 verbose targetResolver reading package data from /Users/Jazmine/Desktop/jekyll-gulp-sass-browser-sync-master/node_modules/gulp-jade/package.json
20 verbose targetResolver reading package data from /Users/Jazmine/Desktop/jekyll-gulp-sass-browser-sync-master/node_modules/gulp-sass/package.json
21 verbose targetResolver reading package data from /Users/Jazmine/Desktop/jekyll-gulp-sass-browser-sync-master/node_modules/.bin/browser-sync/package.json
22 verbose targetResolver reading package data from /Users/Jazmine/Desktop/jekyll-gulp-sass-browser-sync-master/node_modules/.bin/gulp/package.json
23 verbose already installed skipping gulp-sass@^2.1.0 /Users/Jazmine/Desktop/jekyll-gulp-sass-browser-sync-master
24 verbose already installed skipping browser-sync@^1.3.7 /Users/Jazmine/Desktop/jekyll-gulp-sass-browser-sync-master
25 verbose already installed skipping gulp@^3.8.8 /Users/Jazmine/Desktop/jekyll-gulp-sass-browser-sync-master
26 verbose already installed skipping gulp-autoprefixer@1.0.0 /Users/Jazmine/Desktop/jekyll-gulp-sass-browser-sync-master
27 silly cache add args [ 'gulp-jade@^1.1.0', null ]
28 verbose cache add spec gulp-jade@^1.1.0
29 silly cache add parsed spec Result {
29 silly cache add   raw: 'gulp-jade@^1.1.0',
29 silly cache add   scope: null,
29 silly cache add   name: 'gulp-jade',
29 silly cache add   rawSpec: '^1.1.0',
29 silly cache add   spec: '>=1.1.0 <2.0.0',
29 silly cache add   type: 'range' }
30 silly addNamed gulp-jade@>=1.1.0 <2.0.0
31 verbose addNamed ">=1.1.0 <2.0.0" is a valid semver range for gulp-jade
32 silly addNameRange { name: 'gulp-jade', range: '>=1.1.0 <2.0.0', hasData: false }
33 silly mapToRegistry name gulp-jade
34 silly mapToRegistry using default registry
35 silly mapToRegistry registry https://registry.npmjs.org/
36 silly mapToRegistry uri https://registry.npmjs.org/gulp-jade
37 verbose addNameRange registry:https://registry.npmjs.org/gulp-jade not in flight; fetching
38 verbose request uri https://registry.npmjs.org/gulp-jade
39 verbose request no auth needed
40 info attempt registry request try #1 at 5:43:41 PM
41 verbose request id f1740cb836bcc869
42 verbose etag "8AUUT53VOMPJ3MS0UFBFQLUEG"
43 http request GET https://registry.npmjs.org/gulp-jade
44 http 200 https://registry.npmjs.org/gulp-jade
45 verbose headers { server: 'CouchDB/1.5.0 (Erlang OTP/R16B03)',
45 verbose headers   etag: '"B5XXCM4I9G0L6PD8C5M72GTYU"',
45 verbose headers   'content-type': 'application/json',
45 verbose headers   'content-encoding': 'gzip',
45 verbose headers   'cache-control': 'max-age=300',
45 verbose headers   'content-length': '5970',
45 verbose headers   'accept-ranges': 'bytes',
45 verbose headers   date: 'Tue, 12 Apr 2016 15:42:50 GMT',
45 verbose headers   via: '1.1 varnish',
45 verbose headers   age: '128',
45 verbose headers   connection: 'keep-alive',
45 verbose headers   'x-served-by': 'cache-fra1244-FRA',
45 verbose headers   'x-cache': 'HIT',
45 verbose headers   'x-cache-hits': '2',
45 verbose headers   'x-timer': 'S1460475770.696134,VS0,VE0',
45 verbose headers   vary: 'Accept-Encoding' }
46 silly get cb [ 200,
46 silly get   { server: 'CouchDB/1.5.0 (Erlang OTP/R16B03)',
46 silly get     etag: '"B5XXCM4I9G0L6PD8C5M72GTYU"',
46 silly get     'content-type': 'application/json',
46 silly get     'content-encoding': 'gzip',
46 silly get     'cache-control': 'max-age=300',
46 silly get     'content-length': '5970',
46 silly get     'accept-ranges': 'bytes',
46 silly get     date: 'Tue, 12 Apr 2016 15:42:50 GMT',
46 silly get     via: '1.1 varnish',
46 silly get     age: '128',
46 silly get     connection: 'keep-alive',
46 silly get     'x-served-by': 'cache-fra1244-FRA',
46 silly get     'x-cache': 'HIT',
46 silly get     'x-cache-hits': '2',
46 silly get     'x-timer': 'S1460475770.696134,VS0,VE0',
46 silly get     vary: 'Accept-Encoding' } ]
47 verbose get saving gulp-jade to /Users/Jazmine/.npm/registry.npmjs.org/gulp-jade/.cache.json
48 verbose correctMkdir /Users/Jazmine/.npm correctMkdir not in flight; initializing
49 silly addNameRange number 2 { name: 'gulp-jade', range: '>=1.1.0 <2.0.0', hasData: true }
50 silly addNameRange versions [ 'gulp-jade',
50 silly addNameRange   [ '0.0.1',
50 silly addNameRange     '0.0.2',
50 silly addNameRange     '0.0.3',
50 silly addNameRange     '0.1.0',
50 silly addNameRange     '0.2.0',
50 silly addNameRange     '0.3.0',
50 silly addNameRange     '0.4.0',
50 silly addNameRange     '0.4.1',
50 silly addNameRange     '0.4.2',
50 silly addNameRange     '0.5.0',
50 silly addNameRange     '0.6.0',
50 silly addNameRange     '0.6.1',
50 silly addNameRange     '0.7.0',
50 silly addNameRange     '0.8.0',
50 silly addNameRange     '0.9.0',
50 silly addNameRange     '0.10.0',
50 silly addNameRange     '0.11.0',
50 silly addNameRange     '1.0.0',
50 silly addNameRange     '1.0.1',
50 silly addNameRange     '1.1.0' ] ]
51 silly addNamed gulp-jade@1.1.0
52 verbose addNamed "1.1.0" is a plain semver version for gulp-jade
53 silly cache afterAdd gulp-jade@1.1.0
54 verbose afterAdd /Users/Jazmine/.npm/gulp-jade/1.1.0/package/package.json not in flight; writing
55 verbose correctMkdir /Users/Jazmine/.npm correctMkdir not in flight; initializing
56 verbose afterAdd /Users/Jazmine/.npm/gulp-jade/1.1.0/package/package.json written
57 silly install resolved [ { name: 'gulp-jade',
57 silly install resolved     version: '1.1.0',
57 silly install resolved     description: 'Compile Jade templates',
57 silly install resolved     keywords: [ 'jade', 'gulpplugin', 'stream', 'compile' ],
57 silly install resolved     repository:
57 silly install resolved      { type: 'git',
57 silly install resolved        url: 'git+https://github.com/phated/gulp-jade.git' },
57 silly install resolved     author: { name: 'Blaine Bublitz', email: 'blaine@iceddev.com' },
57 silly install resolved     dependencies: { 'gulp-util': '^3.0.2', jade: '1.1 - 1.11', through2: '^2.0.0' },
57 silly install resolved     files: [ 'index.js', 'LICENSE' ],
57 silly install resolved     engines: { node: '>= 0.10' },
57 silly install resolved     scripts: { test: 'gulp jshint && tap ./test' },
57 silly install resolved     license: 'MIT',
57 silly install resolved     devDependencies: { gulp: '^3.8.10', tap: '^1.3.1', 'gulp-jshint': '^1.9.0' },
57 silly install resolved     gitHead: '671714d09e9ccd291489f22988bbc40fe8db40ec',
57 silly install resolved     bugs: { url: 'https://github.com/phated/gulp-jade/issues' },
57 silly install resolved     homepage: 'https://github.com/phated/gulp-jade#readme',
57 silly install resolved     _id: 'gulp-jade@1.1.0',
57 silly install resolved     _shasum: 'cb2f332ac46824671f36891655c165c591c33bd4',
57 silly install resolved     _from: 'gulp-jade@>=1.1.0 <2.0.0',
57 silly install resolved     _npmVersion: '2.8.3',
57 silly install resolved     _nodeVersion: '0.10.36',
57 silly install resolved     _npmUser: { name: 'phated', email: 'blaine@iceddev.com' },
57 silly install resolved     maintainers: [ [Object] ],
57 silly install resolved     dist:
57 silly install resolved      { shasum: 'cb2f332ac46824671f36891655c165c591c33bd4',
57 silly install resolved        tarball: 'http://registry.npmjs.org/gulp-jade/-/gulp-jade-1.1.0.tgz' },
57 silly install resolved     directories: {},
57 silly install resolved     _resolved: 'https://registry.npmjs.org/gulp-jade/-/gulp-jade-1.1.0.tgz',
57 silly install resolved     readme: 'ERROR: No README data found!' } ]
58 info install gulp-jade@1.1.0 into /Users/Jazmine/Desktop/jekyll-gulp-sass-browser-sync-master
59 info installOne gulp-jade@1.1.0
60 verbose installOne of gulp-jade to /Users/Jazmine/Desktop/jekyll-gulp-sass-browser-sync-master not in flight; installing
61 verbose correctMkdir /Users/Jazmine/.npm/_locks correctMkdir not in flight; initializing
62 verbose lock using /Users/Jazmine/.npm/_locks/gulp-jade-1d0b159b2d273abf.lock for /Users/Jazmine/Desktop/jekyll-gulp-sass-browser-sync-master/node_modules/gulp-jade
63 silly install write writing gulp-jade 1.1.0 to /Users/Jazmine/Desktop/jekyll-gulp-sass-browser-sync-master/node_modules/gulp-jade
64 verbose unbuild node_modules/gulp-jade
65 silly gentlyRm /Users/Jazmine/Desktop/jekyll-gulp-sass-browser-sync-master/node_modules/gulp-jade is being purged from base /Users/Jazmine/Desktop/jekyll-gulp-sass-browser-sync-master
66 verbose gentlyRm don't care about contents; nuking /Users/Jazmine/Desktop/jekyll-gulp-sass-browser-sync-master/node_modules/gulp-jade
67 silly vacuum-fs purging /Users/Jazmine/Desktop/jekyll-gulp-sass-browser-sync-master/node_modules/gulp-jade
68 verbose unlock done using /Users/Jazmine/.npm/_locks/gulp-jade-1d0b159b2d273abf.lock for /Users/Jazmine/Desktop/jekyll-gulp-sass-browser-sync-master/node_modules/gulp-jade
69 verbose stack Error: EACCES: permission denied, unlink '/Users/Jazmine/Desktop/jekyll-gulp-sass-browser-sync-master/node_modules/gulp-jade/node_modules/.bin/jade'
69 verbose stack     at Error (native)
70 verbose cwd /Users/Jazmine/Desktop/jekyll-gulp-sass-browser-sync-master
71 error Darwin 15.3.0
72 error argv "/usr/local/bin/node" "/usr/local/bin/npm" "install"
73 error node v4.4.0
74 error npm  v2.14.20
75 error path /Users/Jazmine/Desktop/jekyll-gulp-sass-browser-sync-master/node_modules/gulp-jade/node_modules/.bin/jade
76 error code EACCES
77 error errno -13
78 error syscall unlink
79 error Error: EACCES: permission denied, unlink '/Users/Jazmine/Desktop/jekyll-gulp-sass-browser-sync-master/node_modules/gulp-jade/node_modules/.bin/jade'
79 error     at Error (native)
79 error  { [Error: EACCES: permission denied, unlink '/Users/Jazmine/Desktop/jekyll-gulp-sass-browser-sync-master/node_modules/gulp-jade/node_modules/.bin/jade']
79 error   errno: -13,
79 error   code: 'EACCES',
79 error   syscall: 'unlink',
79 error   path: '/Users/Jazmine/Desktop/jekyll-gulp-sass-browser-sync-master/node_modules/gulp-jade/node_modules/.bin/jade' }
80 error Please try running this command again as root/Administrator.
81 verbose exit [ -13, true ]
82 verbose unbuild node_modules/gulp-jade
83 silly gentlyRm /Users/Jazmine/Desktop/jekyll-gulp-sass-browser-sync-master/node_modules/gulp-jade is being purged from base /Users/Jazmine/Desktop/jekyll-gulp-sass-browser-sync-master
84 verbose gentlyRm don't care about contents; nuking /Users/Jazmine/Desktop/jekyll-gulp-sass-browser-sync-master/node_modules/gulp-jade
85 silly vacuum-fs purging /Users/Jazmine/Desktop/jekyll-gulp-sass-browser-sync-master/node_modules/gulp-jade
86 error error rolling back Error: EACCES: permission denied, unlink '/Users/Jazmine/Desktop/jekyll-gulp-sass-browser-sync-master/node_modules/gulp-jade/node_modules/.bin/jade'
86 error error rolling back     at Error (native)
86 error error rolling back  { [Error: EACCES: permission denied, unlink '/Users/Jazmine/Desktop/jekyll-gulp-sass-browser-sync-master/node_modules/gulp-jade/node_modules/.bin/jade']
86 error error rolling back   errno: -13,
86 error error rolling back   code: 'EACCES',
86 error error rolling back   syscall: 'unlink',
86 error error rolling back   path: '/Users/Jazmine/Desktop/jekyll-gulp-sass-browser-sync-master/node_modules/gulp-jade/node_modules/.bin/jade' }
